build/app/outputs/mapping/release/usage.txt
kotlin.sequences.SequencesKt___SequencesKt$asIterable$$inlined$Iterable$1
kotlin.SafePublicationLazyImpl$Companion
kotlin.properties.ObservableProperty
kotlin.jvm.internal.StringCompanionObject
androidx.core.view.inputmethod.InputContentInfoCompat$InputContentInfoCompatApi25Impl
androidx.loader.content.ModernAsyncTask$4
kotlin.collections.MapsKt__MapsJVMKt
kotlin.PreconditionsKt__PreconditionsKt
androidx.annotation.NonNull
androidx.viewpager.widget.ViewPager$PageTransformer
kotlin.properties.Delegates$observable$1
androidx.core.R$string
kotlin.coroutines.experimental.migration.ExperimentalSuspendFunction2Migration
androidx.core.view.accessibility.AccessibilityManagerCompat$TouchExplorationStateChangeListener
androidx.arch.core.executor.DefaultTaskExecutor$1
kotlin.collections.ArraysKt___ArraysKt$withIndex$8
androidx.core.util.Pools$SimplePool
androidx.core.text.TextDirectionHeuristicsCompat$TextDirectionHeuristicImpl
androidx.core.text.util.LinkifyCompat
kotlin.jvm.internal.markers.KMutableCollection
androidx.lifecycle.livedata.core.R
kotlin.internal.InlineOnly
androidx.savedstate.Recreator$SavedStateProvider
kotlin.coroutines.jvm.internal.DebugMetadataKt
kotlin.jvm.internal.MutablePropertyReference0
androidx.collection.SparseArrayCompat
kotlin.coroutines.CombinedContext$writeReplace$1
kotlin.reflect.KTypeProjection
kotlin.comparisons.ComparisonsKt
androidx.core.view.accessibility.AccessibilityViewCommand$SetProgressArguments
kotlin.sequences.SequencesKt___SequencesKt$minus$1$iterator$1
androidx.core.view.accessibility.AccessibilityNodeInfoCompat$AccessibilityActionCompat
androidx.fragment.app.FragmentManager$FragmentLifecycleCallbacks
kotlin.Metadata
kotlin.collections.UIntIterator
androidx.core.content.pm.PermissionInfoCompat$Protection
androidx.lifecycle.ComputableLiveData$2
org.intellij.lang.annotations.JdkConstants$AdjustableOrientation
kotlin.Experimental
androidx.core.util.DebugUtils
androidx.core.app.NotificationCompat
kotlin.time.AbstractLongClock
kotlin.io.ConsoleKt
kotlin.ranges.IntProgression
kotlin.coroutines.experimental.CoroutineContext$plus$1
io.flutter.embedding.engine.systemchannels.KeyEventChannel:
    private static final java.lang.String TAG
androidx.core.util.Pools$Pool
kotlin.ranges.LongProgressionIterator
kotlin.io.FilesKt__FileReadWriteKt
kotlin.collections.ArraysKt___ArraysJvmKt$asList$4
androidx.annotation.RequiresPermission
io.flutter.embedding.engine.plugins.FlutterPlugin$FlutterPluginBinding:
    public android.content.Context getApplicationContext()
    public io.flutter.embedding.engine.FlutterEngine getFlutterEngine()
    public io.flutter.plugin.common.BinaryMessenger getBinaryMessenger()
    public io.flutter.view.TextureRegistry getTextureRegistry()
    public io.flutter.plugin.platform.PlatformViewRegistry getPlatformViewRegistry()
    public io.flutter.embedding.engine.plugins.FlutterPlugin$FlutterAssets getFlutterAssets()